This file contains any messages produced by compilers while
running configure, to aid debugging if configure makes a mistake.

It was created by configure, which was
generated by GNU Autoconf 2.64.  Invocation command line was

  $ ./configure --prefix=/usr

## --------- ##
## Platform. ##
## --------- ##

hostname = sekh-u350
uname -m = x86_64
uname -r = 2.6.34-1-amd64
uname -s = Linux
uname -v = #1 SMP Sun Jun 6 22:29:25 UTC 2010

/usr/bin/uname -p = unknown
/bin/uname -X     = unknown

/bin/arch              = unknown
/usr/bin/arch -k       = unknown
/usr/convex/getsysinfo = unknown
/usr/bin/hostinfo      = unknown
/bin/machine           = unknown
/usr/bin/oslevel       = unknown
/bin/universe          = unknown

PATH: /usr/local/sbin
PATH: /usr/local/bin
PATH: /usr/sbin
PATH: /usr/bin
PATH: /sbin
PATH: /bin
PATH: /usr/X11R6/bin
PATH: /home/sekh/CodeWorker4_5_2/
PATH: /home/sekh/eclipse


## ----------- ##
## Core tests. ##
## ----------- ##

configure:2265: checking for a BSD-compatible install
configure:2333: result: /usr/bin/install -c
configure:2344: checking whether build environment is sane
configure:2381: result: yes
configure:2406: checking for a thread-safe mkdir -p
configure:2445: result: /bin/mkdir -p
configure:2458: checking for gawk
configure:2474: found /usr/bin/gawk
configure:2485: result: gawk
configure:2496: checking whether make sets $(MAKE)
configure:2518: result: yes
configure:2699: checking for sed
configure:2717: found /bin/sed
configure:2729: result: /bin/sed
configure:2796: checking for gcc
configure:2812: found /usr/bin/gcc
configure:2823: result: gcc
configure:3052: checking for C compiler version
configure:3061: gcc --version >&5
gcc (Debian 4.4.4-5) 4.4.4
Copyright (C) 2010 Free Software Foundation, Inc.
This is free software; see the source for copying conditions.  There is NO
warranty; not even for MERCHANTABILITY or FITNESS FOR A PARTICULAR PURPOSE.

configure:3072: $? = 0
configure:3061: gcc -v >&5
Using built-in specs.
Target: x86_64-linux-gnu
Configured with: ../src/configure -v --with-pkgversion='Debian 4.4.4-5' --with-bugurl=file:///usr/share/doc/gcc-4.4/README.Bugs --enable-languages=c,c++,fortran,objc,obj-c++ --prefix=/usr --enable-shared --enable-multiarch --enable-linker-build-id --with-system-zlib --libexecdir=/usr/lib --without-included-gettext --enable-threads=posix --with-gxx-include-dir=/usr/include/c++/4.4 --program-suffix=-4.4 --enable-nls --enable-clocale=gnu --enable-libstdcxx-debug --enable-objc-gc --with-arch-32=i486 --with-tune=generic --enable-checking=release --build=x86_64-linux-gnu --host=x86_64-linux-gnu --target=x86_64-linux-gnu
Thread model: posix
gcc version 4.4.4 (Debian 4.4.4-5) 
configure:3072: $? = 0
configure:3061: gcc -V >&5
gcc: '-V' option must have argument
configure:3072: $? = 1
configure:3061: gcc -qversion >&5
gcc: unrecognized option '-qversion'
gcc: no input files
configure:3072: $? = 1
configure:3094: checking for C compiler default output file name
configure:3116: gcc    conftest.c  >&5
configure:3120: $? = 0
configure:3157: result: a.out
configure:3173: checking whether the C compiler works
configure:3182: ./a.out
configure:3186: $? = 0
configure:3201: result: yes
configure:3208: checking whether we are cross compiling
configure:3210: result: no
configure:3213: checking for suffix of executables
configure:3220: gcc -o conftest    conftest.c  >&5
configure:3224: $? = 0
configure:3246: result: 
configure:3252: checking for suffix of object files
configure:3274: gcc -c   conftest.c >&5
configure:3278: $? = 0
configure:3299: result: o
configure:3303: checking whether we are using the GNU C compiler
configure:3322: gcc -c   conftest.c >&5
configure:3322: $? = 0
configure:3331: result: yes
configure:3340: checking whether gcc accepts -g
configure:3360: gcc -c -g  conftest.c >&5
configure:3360: $? = 0
configure:3401: result: yes
configure:3418: checking for gcc option to accept ISO C89
configure:3482: gcc  -c -g -O2  conftest.c >&5
configure:3482: $? = 0
configure:3495: result: none needed
configure:3526: checking for style of include used by make
configure:3554: result: GNU
configure:3579: checking dependency style of gcc
configure:3670: result: gcc3
configure:3762: checking for pkg-config
configure:3780: found /usr/bin/pkg-config
configure:3792: result: /usr/bin/pkg-config
configure:3817: checking pkg-config is at least version 0.9.0
configure:3820: result: yes
configure:3831: checking for PIDGIN
configure:3839: $PKG_CONFIG --exists --print-errors "pidgin"
configure:3842: $? = 0
configure:3857: $PKG_CONFIG --exists --print-errors "pidgin"
configure:3860: $? = 0
configure:3915: result: yes
configure:4010: checking for pkg-config
configure:4040: result: /usr/bin/pkg-config
configure:4065: checking pkg-config is at least version 0.16
configure:4068: result: yes
configure:4086: checking for GLIB - version >= 2.0.0
configure:4201: gcc -o conftest  -Wall -g3 -I/usr/include/glib-2.0 -I/usr/lib/glib-2.0/include     conftest.c -lglib-2.0    >&5
configure:4201: $? = 0
configure:4201: ./conftest
configure:4201: $? = 0
configure:4215: result: yes (version 2.24.1)
configure:4331: checking build system type
configure:4345: result: x86_64-unknown-linux-gnu
configure:4365: checking host system type
configure:4378: result: x86_64-unknown-linux-gnu
configure:4398: checking for a sed that does not truncate output
configure:4462: result: /bin/sed
configure:4480: checking for grep that handles long lines and -e
configure:4538: result: /bin/grep
configure:4543: checking for egrep
configure:4605: result: /bin/grep -E
configure:4610: checking for fgrep
configure:4672: result: /bin/grep -F
configure:4707: checking for ld used by gcc
configure:4774: result: /usr/bin/ld
configure:4781: checking if the linker (/usr/bin/ld) is GNU ld
configure:4796: result: yes
configure:4808: checking for BSD- or MS-compatible name lister (nm)
configure:4857: result: /usr/bin/nm -B
configure:4975: checking the name lister (/usr/bin/nm -B) interface
configure:4982: gcc -c  -Wall -g3  conftest.c >&5
configure:4985: /usr/bin/nm -B "conftest.o"
configure:4988: output
0000000000000000 B some_variable
configure:4995: result: BSD nm
configure:4998: checking whether ln -s works
configure:5002: result: yes
configure:5010: checking the maximum length of command line arguments
configure:5130: result: 1572864
configure:5147: checking whether the shell understands some XSI constructs
configure:5157: result: yes
configure:5161: checking whether the shell understands "+="
configure:5167: result: yes
configure:5202: checking for /usr/bin/ld option to reload object files
configure:5209: result: -r
configure:5278: checking for objdump
configure:5294: found /usr/bin/objdump
configure:5305: result: objdump
configure:5337: checking how to recognize dependent libraries
configure:5533: result: pass_all
configure:5593: checking for ar
configure:5609: found /usr/bin/ar
configure:5620: result: ar
configure:5698: checking for strip
configure:5714: found /usr/bin/strip
configure:5725: result: strip
configure:5797: checking for ranlib
configure:5813: found /usr/bin/ranlib
configure:5824: result: ranlib
configure:5914: checking command to parse /usr/bin/nm -B output from gcc object
configure:6032: gcc -c  -Wall -g3  conftest.c >&5
configure:6035: $? = 0
configure:6039: /usr/bin/nm -B conftest.o \| sed -n -e 's/^.*[	 ]\([ABCDGIRSTW][ABCDGIRSTW]*\)[	 ][	 ]*\([_A-Za-z][_A-Za-z0-9]*\)$/\1 \2 \2/p' \> conftest.nm
configure:6042: $? = 0
configure:6096: gcc -o conftest  -Wall -g3   conftest.c conftstm.o >&5
configure:6099: $? = 0
configure:6137: result: ok
configure:6232: gcc -c  -Wall -g3  conftest.c >&5
configure:6235: $? = 0
configure:6945: checking how to run the C preprocessor
configure:6976: gcc -E  conftest.c
configure:6976: $? = 0
configure:6990: gcc -E  conftest.c
conftest.c:11:28: error: ac_nonexistent.h: No such file or directory
configure:6990: $? = 1
configure: failed program was:
| /* confdefs.h */
| #define PACKAGE_NAME ""
| #define PACKAGE_TARNAME ""
| #define PACKAGE_VERSION ""
| #define PACKAGE_STRING ""
| #define PACKAGE_BUGREPORT ""
| #define PACKAGE_URL ""
| #define NETSOUL_VERSION "0.2.5"
| #define HAVE_PIDGIN 1
| /* end confdefs.h.  */
| #include <ac_nonexistent.h>
configure:7015: result: gcc -E
configure:7035: gcc -E  conftest.c
configure:7035: $? = 0
configure:7049: gcc -E  conftest.c
conftest.c:11:28: error: ac_nonexistent.h: No such file or directory
configure:7049: $? = 1
configure: failed program was:
| /* confdefs.h */
| #define PACKAGE_NAME ""
| #define PACKAGE_TARNAME ""
| #define PACKAGE_VERSION ""
| #define PACKAGE_STRING ""
| #define PACKAGE_BUGREPORT ""
| #define PACKAGE_URL ""
| #define NETSOUL_VERSION "0.2.5"
| #define HAVE_PIDGIN 1
| /* end confdefs.h.  */
| #include <ac_nonexistent.h>
configure:7078: checking for ANSI C header files
configure:7098: gcc -c  -Wall -g3  conftest.c >&5
configure:7098: $? = 0
configure:7171: gcc -o conftest  -Wall -g3   conftest.c  >&5
configure:7171: $? = 0
configure:7171: ./conftest
configure:7171: $? = 0
configure:7182: result: yes
configure:7195: checking for sys/types.h
configure:7195: gcc -c  -Wall -g3  conftest.c >&5
configure:7195: $? = 0
configure:7195: result: yes
configure:7195: checking for sys/stat.h
configure:7195: gcc -c  -Wall -g3  conftest.c >&5
configure:7195: $? = 0
configure:7195: result: yes
configure:7195: checking for stdlib.h
configure:7195: gcc -c  -Wall -g3  conftest.c >&5
configure:7195: $? = 0
configure:7195: result: yes
configure:7195: checking for string.h
configure:7195: gcc -c  -Wall -g3  conftest.c >&5
configure:7195: $? = 0
configure:7195: result: yes
configure:7195: checking for memory.h
configure:7195: gcc -c  -Wall -g3  conftest.c >&5
configure:7195: $? = 0
configure:7195: result: yes
configure:7195: checking for strings.h
configure:7195: gcc -c  -Wall -g3  conftest.c >&5
configure:7195: $? = 0
configure:7195: result: yes
configure:7195: checking for inttypes.h
configure:7195: gcc -c  -Wall -g3  conftest.c >&5
configure:7195: $? = 0
configure:7195: result: yes
configure:7195: checking for stdint.h
configure:7195: gcc -c  -Wall -g3  conftest.c >&5
configure:7195: $? = 0
configure:7195: result: yes
configure:7195: checking for unistd.h
configure:7195: gcc -c  -Wall -g3  conftest.c >&5
configure:7195: $? = 0
configure:7195: result: yes
configure:7210: checking for dlfcn.h
configure:7210: gcc -c  -Wall -g3  conftest.c >&5
configure:7210: $? = 0
configure:7210: result: yes
configure:7394: checking for objdir
configure:7409: result: .libs
configure:7701: checking if gcc supports -fno-rtti -fno-exceptions
configure:7719: gcc -c  -Wall -g3  -fno-rtti -fno-exceptions conftest.c >&5
cc1: warning: command line option "-fno-rtti" is valid for C++/ObjC++ but not for C
configure:7723: $? = 0
configure:7736: result: no
configure:7756: checking for gcc option to produce PIC
configure:8028: result: -fPIC -DPIC
configure:8040: checking if gcc PIC flag -fPIC -DPIC works
configure:8058: gcc -c  -Wall -g3  -fPIC -DPIC -DPIC conftest.c >&5
configure:8062: $? = 0
configure:8075: result: yes
configure:8099: checking if gcc static flag -static works
configure:8127: result: yes
configure:8142: checking if gcc supports -c -o file.o
configure:8163: gcc -c  -Wall -g3  -o out/conftest2.o conftest.c >&5
configure:8167: $? = 0
configure:8189: result: yes
configure:8197: checking if gcc supports -c -o file.o
configure:8244: result: yes
configure:8277: checking whether the gcc linker (/usr/bin/ld -m elf_x86_64) supports shared libraries
configure:9267: result: yes
configure:9304: checking whether -lc should be explicitly linked in
configure:9309: gcc -c  -Wall -g3  conftest.c >&5
configure:9312: $? = 0
configure:9327: gcc -shared conftest.o  -v -Wl,-soname -Wl,conftest -o conftest 2\>\&1 \| /bin/grep  -lc  \>/dev/null 2\>\&1
configure:9330: $? = 0
configure:9342: result: no
configure:9506: checking dynamic linker characteristics
configure:9939: gcc -o conftest  -Wall -g3   -Wl,-rpath -Wl,/foo conftest.c  >&5
configure:9939: $? = 0
configure:10169: result: GNU/Linux ld.so
configure:10271: checking how to hardcode library paths into programs
configure:10296: result: immediate
configure:10816: checking whether stripping libraries is possible
configure:10821: result: yes
configure:10856: checking if libtool supports shared libraries
configure:10858: result: yes
configure:10861: checking whether to build shared libraries
configure:10882: result: yes
configure:10885: checking whether to build static libraries
configure:10889: result: yes
configure:11047: creating ./config.status

## ---------------------- ##
## Running config.status. ##
## ---------------------- ##

This file was extended by config.status, which was
generated by GNU Autoconf 2.64.  Invocation command line was

  CONFIG_FILES    = 
  CONFIG_HEADERS  = 
  CONFIG_LINKS    = 
  CONFIG_COMMANDS = 
  $ ./config.status 

on sekh-u350

config.status:1074: creating Makefile
config.status:1074: creating gaim-netsoul.spec
config.status:1074: creating pixmaps/Makefile
config.status:1074: creating src/Makefile
config.status:1074: creating pre_config.h
config.status:1246: pre_config.h is unchanged
config.status:1294: executing depfiles commands
config.status:1294: executing libtool commands

## ---------------- ##
## Cache variables. ##
## ---------------- ##

ac_cv_build=x86_64-unknown-linux-gnu
ac_cv_c_compiler_gnu=yes
ac_cv_env_CC_set=
ac_cv_env_CC_value=
ac_cv_env_CFLAGS_set=
ac_cv_env_CFLAGS_value=
ac_cv_env_CPPFLAGS_set=
ac_cv_env_CPPFLAGS_value=
ac_cv_env_CPP_set=
ac_cv_env_CPP_value=
ac_cv_env_LDFLAGS_set=
ac_cv_env_LDFLAGS_value=
ac_cv_env_LIBS_set=
ac_cv_env_LIBS_value=
ac_cv_env_PIDGIN_CFLAGS_set=
ac_cv_env_PIDGIN_CFLAGS_value=
ac_cv_env_PIDGIN_LIBS_set=
ac_cv_env_PIDGIN_LIBS_value=
ac_cv_env_PKG_CONFIG_set=
ac_cv_env_PKG_CONFIG_value=
ac_cv_env_build_alias_set=
ac_cv_env_build_alias_value=
ac_cv_env_host_alias_set=
ac_cv_env_host_alias_value=
ac_cv_env_target_alias_set=
ac_cv_env_target_alias_value=
ac_cv_header_dlfcn_h=yes
ac_cv_header_inttypes_h=yes
ac_cv_header_memory_h=yes
ac_cv_header_stdc=yes
ac_cv_header_stdint_h=yes
ac_cv_header_stdlib_h=yes
ac_cv_header_string_h=yes
ac_cv_header_strings_h=yes
ac_cv_header_sys_stat_h=yes
ac_cv_header_sys_types_h=yes
ac_cv_header_unistd_h=yes
ac_cv_host=x86_64-unknown-linux-gnu
ac_cv_objext=o
ac_cv_path_EGREP='/bin/grep -E'
ac_cv_path_FGREP='/bin/grep -F'
ac_cv_path_GREP=/bin/grep
ac_cv_path_SED=/bin/sed
ac_cv_path_ac_pt_PKG_CONFIG=/usr/bin/pkg-config
ac_cv_path_install='/usr/bin/install -c'
ac_cv_path_mkdir=/bin/mkdir
ac_cv_path_sedpath=/bin/sed
ac_cv_prog_AWK=gawk
ac_cv_prog_CPP='gcc -E'
ac_cv_prog_ac_ct_AR=ar
ac_cv_prog_ac_ct_CC=gcc
ac_cv_prog_ac_ct_OBJDUMP=objdump
ac_cv_prog_ac_ct_RANLIB=ranlib
ac_cv_prog_ac_ct_STRIP=strip
ac_cv_prog_cc_c89=
ac_cv_prog_cc_g=yes
ac_cv_prog_make_make_set=yes
am_cv_CC_dependencies_compiler_type=gcc3
lt_cv_deplibs_check_method=pass_all
lt_cv_file_magic_cmd='$MAGIC_CMD'
lt_cv_file_magic_test_file=
lt_cv_ld_reload_flag=-r
lt_cv_nm_interface='BSD nm'
lt_cv_objdir=.libs
lt_cv_path_LD=/usr/bin/ld
lt_cv_path_NM='/usr/bin/nm -B'
lt_cv_prog_compiler_c_o=yes
lt_cv_prog_compiler_pic_works=yes
lt_cv_prog_compiler_rtti_exceptions=no
lt_cv_prog_compiler_static_works=yes
lt_cv_prog_gnu_ld=yes
lt_cv_sys_global_symbol_pipe='sed -n -e '\''s/^.*[	 ]\([ABCDGIRSTW][ABCDGIRSTW]*\)[	 ][	 ]*\([_A-Za-z][_A-Za-z0-9]*\)$/\1 \2 \2/p'\'''
lt_cv_sys_global_symbol_to_c_name_address='sed -n -e '\''s/^: \([^ ]*\) $/  {\"\1\", (void *) 0},/p'\'' -e '\''s/^[ABCDGIRSTW]* \([^ ]*\) \([^ ]*\)$/  {"\2", (void *) \&\2},/p'\'''
lt_cv_sys_global_symbol_to_c_name_address_lib_prefix='sed -n -e '\''s/^: \([^ ]*\) $/  {\"\1\", (void *) 0},/p'\'' -e '\''s/^[ABCDGIRSTW]* \([^ ]*\) \(lib[^ ]*\)$/  {"\2", (void *) \&\2},/p'\'' -e '\''s/^[ABCDGIRSTW]* \([^ ]*\) \([^ ]*\)$/  {"lib\2", (void *) \&\2},/p'\'''
lt_cv_sys_global_symbol_to_cdecl='sed -n -e '\''s/^T .* \(.*\)$/extern int \1();/p'\'' -e '\''s/^[ABCDGIRSTW]* .* \(.*\)$/extern char \1;/p'\'''
lt_cv_sys_max_cmd_len=1572864
pkg_cv_PIDGIN_CFLAGS='-pthread -I/usr/include/pidgin -I/usr/include/gtk-2.0 -I/usr/include/libpurple -I/usr/lib/gtk-2.0/include -I/usr/include/atk-1.0 -I/usr/include/cairo -I/usr/include/pango-1.0 -I/usr/include/gio-unix-2.0/ -I/usr/include/pixman-1 -I/usr/include/freetype2 -I/usr/include/libpng12 -I/usr/include/glib-2.0 -I/usr/lib/glib-2.0/include  '
pkg_cv_PIDGIN_LIBS='-pthread -lgtk-x11-2.0 -lpurple -lgdk-x11-2.0 -latk-1.0 -lpangoft2-1.0 -lgdk_pixbuf-2.0 -lm -lpangocairo-1.0 -lcairo -lgio-2.0 -lpango-1.0 -lfreetype -lfontconfig -lgobject-2.0 -lgmodule-2.0 -lgthread-2.0 -lrt -lglib-2.0  '

## ----------------- ##
## Output variables. ##
## ----------------- ##

ACLOCAL='${SHELL} /media/NAS/PROJECTS/netsoul-purple/missing --run aclocal-1.10'
AMDEPBACKSLASH='\'
AMDEP_FALSE='#'
AMDEP_TRUE=''
AMTAR='${SHELL} /media/NAS/PROJECTS/netsoul-purple/missing --run tar'
AR='ar'
AUTOCONF='${SHELL} /media/NAS/PROJECTS/netsoul-purple/missing --run autoconf'
AUTOHEADER='${SHELL} /media/NAS/PROJECTS/netsoul-purple/missing --run autoheader'
AUTOMAKE='${SHELL} /media/NAS/PROJECTS/netsoul-purple/missing --run automake-1.10'
AWK='gawk'
CC='gcc'
CCDEPMODE='depmode=gcc3'
CFLAGS=' -Wall -g3'
CPP='gcc -E'
CPPFLAGS=''
CYGPATH_W='echo'
DEBUG_CFLAGS=''
DEFS='-DHAVE_CONFIG_H'
DEPDIR='.deps'
DSYMUTIL=''
DUMPBIN=''
ECHO_C=''
ECHO_N='-n'
ECHO_T=''
EGREP='/bin/grep -E'
EXEEXT=''
FGREP='/bin/grep -F'
GLIB_CFLAGS='-I/usr/include/glib-2.0 -I/usr/lib/glib-2.0/include  '
GLIB_GENMARSHAL='glib-genmarshal'
GLIB_LIBS='-lglib-2.0  '
GLIB_MKENUMS='glib-mkenums'
GOBJECT_QUERY='gobject-query'
GREP='/bin/grep'
INSTALL_DATA='${INSTALL} -m 644'
INSTALL_PROGRAM='${INSTALL}'
INSTALL_SCRIPT='${INSTALL}'
INSTALL_STRIP_PROGRAM='$(install_sh) -c -s'
LD='/usr/bin/ld -m elf_x86_64'
LDFLAGS=''
LIBOBJS=''
LIBS=''
LIBTOOL='$(SHELL) $(top_builddir)/libtool --silent'
LIPO=''
LN_S='ln -s'
LTLIBOBJS=''
MAKEINFO='${SHELL} /media/NAS/PROJECTS/netsoul-purple/missing --run makeinfo'
MKDIR_P='/bin/mkdir -p'
NM='/usr/bin/nm -B'
NMEDIT=''
OBJDUMP='objdump'
OBJEXT='o'
OTOOL64=''
OTOOL=''
PACKAGE='gaim-netsoul'
PACKAGE_BUGREPORT=''
PACKAGE_NAME=''
PACKAGE_STRING=''
PACKAGE_TARNAME=''
PACKAGE_URL=''
PACKAGE_VERSION=''
PATH_SEPARATOR=':'
PIDGIN_CFLAGS='-pthread -I/usr/include/pidgin -I/usr/include/gtk-2.0 -I/usr/include/libpurple -I/usr/lib/gtk-2.0/include -I/usr/include/atk-1.0 -I/usr/include/cairo -I/usr/include/pango-1.0 -I/usr/include/gio-unix-2.0/ -I/usr/include/pixman-1 -I/usr/include/freetype2 -I/usr/include/libpng12 -I/usr/include/glib-2.0 -I/usr/lib/glib-2.0/include  '
PIDGIN_LIBS='-pthread -lgtk-x11-2.0 -lpurple -lgdk-x11-2.0 -latk-1.0 -lpangoft2-1.0 -lgdk_pixbuf-2.0 -lm -lpangocairo-1.0 -lcairo -lgio-2.0 -lpango-1.0 -lfreetype -lfontconfig -lgobject-2.0 -lgmodule-2.0 -lgthread-2.0 -lrt -lglib-2.0  '
PKG_CONFIG='/usr/bin/pkg-config'
PLUGINS_FALSE='#'
PLUGINS_TRUE=''
RANLIB='ranlib'
SED='/bin/sed'
SET_MAKE=''
SHELL='/bin/bash'
STRIP='strip'
VERSION='0.2.5'
ac_ct_CC='gcc'
ac_ct_DUMPBIN=''
am__fastdepCC_FALSE='#'
am__fastdepCC_TRUE=''
am__include='include'
am__isrc=''
am__leading_dot='.'
am__quote=''
am__tar='${AMTAR} chof - "$$tardir"'
am__untar='${AMTAR} xf -'
bindir='${exec_prefix}/bin'
build='x86_64-unknown-linux-gnu'
build_alias=''
build_cpu='x86_64'
build_os='linux-gnu'
build_vendor='unknown'
datadir='${datarootdir}'
datarootdir='${prefix}/share'
docdir='${datarootdir}/doc/${PACKAGE}'
dvidir='${docdir}'
exec_prefix='${prefix}'
host='x86_64-unknown-linux-gnu'
host_alias=''
host_cpu='x86_64'
host_os='linux-gnu'
host_vendor='unknown'
htmldir='${docdir}'
includedir='${prefix}/include'
infodir='${datarootdir}/info'
install_sh='$(SHELL) /media/NAS/PROJECTS/netsoul-purple/install-sh'
libdir='${exec_prefix}/lib'
libexecdir='${exec_prefix}/libexec'
localedir='${datarootdir}/locale'
localstatedir='${prefix}/var'
lt_ECHO='echo'
mandir='${datarootdir}/man'
mkdir_p='/bin/mkdir -p'
oldincludedir='/usr/include'
pdfdir='${docdir}'
prefix='/usr'
program_transform_name='s,x,x,'
psdir='${docdir}'
sbindir='${exec_prefix}/sbin'
sedpath='/bin/sed'
sharedstatedir='${prefix}/com'
sysconfdir='${prefix}/etc'
target_alias=''

## ----------- ##
## confdefs.h. ##
## ----------- ##

/* confdefs.h */
#define PACKAGE_NAME ""
#define PACKAGE_TARNAME ""
#define PACKAGE_VERSION ""
#define PACKAGE_STRING ""
#define PACKAGE_BUGREPORT ""
#define PACKAGE_URL ""
#define NETSOUL_VERSION "0.2.5"
#define HAVE_PIDGIN 1
#define STDC_HEADERS 1
#define HAVE_SYS_TYPES_H 1
#define HAVE_SYS_STAT_H 1
#define HAVE_STDLIB_H 1
#define HAVE_STRING_H 1
#define HAVE_MEMORY_H 1
#define HAVE_STRINGS_H 1
#define HAVE_INTTYPES_H 1
#define HAVE_STDINT_H 1
#define HAVE_UNISTD_H 1
#define HAVE_DLFCN_H 1
#define LT_OBJDIR ".libs/"

configure: exit 0
